Arguments: 
  C:\Program Files\nodejs\node.exe C:\Program Files (x86)\Yarn\bin\yarn.js

PATH: 
  C:\ProgramData\DockerDesktop\version-bin;C:\Program Files\Docker\Docker\Resources\bin;C:\WINDOWS\system32;C:\WINDOWS;C:\WINDOWS\System32\Wbem;C:\WINDOWS\System32\WindowsPowerShell\v1.0\;C:\WINDOWS\System32\OpenSSH\;C:\Program Files\dotnet\;C:\Program Files\Microsoft SQL Server\130\Tools\Binn\;C:\Program Files\Microsoft SQL Server\Client SDK\ODBC\170\Tools\Binn\;C:\Program Files\Git\cmd;C:\Program Files\nodejs\;C:\Program Files (x86)\Yarn\bin\;C:\Users\Administrateur\AppData\Local\Microsoft\WindowsApps;C:\Users\Administrateur\AppData\Local\atom\bin;C:\Users\Administrateur\AppData\Local\Microsoft\WindowsApps;C:\Users\Administrateur\AppData\Local\Programs\Microsoft VS Code\bin;C:\wamp64\bin\php\php7.3.1;C:\Users\Administrateur\AppData\Roaming\npm;C:\Users\Administrateur\AppData\Local\Yarn\bin

Yarn version: 
  1.19.1

Node version: 
  12.13.0

Platform: 
  win32 x64

Trace: 
  Invariant Violation: could not find a copy of typescript to link in C:\Users\Administrateur\Desktop\projet\food-front-yarn\node_modules\rxjs-tslint\node_modules
      at invariant (C:\Program Files (x86)\Yarn\lib\cli.js:2314:15)
      at PackageLinker.<anonymous> (C:\Program Files (x86)\Yarn\lib\cli.js:48335:7)
      at Generator.next (<anonymous>)
      at step (C:\Program Files (x86)\Yarn\lib\cli.js:304:30)
      at C:\Program Files (x86)\Yarn\lib\cli.js:315:13
      at runMicrotasks (<anonymous>)
      at processTicksAndRejections (internal/process/task_queues.js:93:5)

npm manifest: 
  {
    "name": "mdb-angular-free",
    "version": "8.1.1",
    "scripts": {
      "ng": "ng",
      "start": "ng serve",
      "build": "ng build",
      "test": "ng test",
      "lint": "ng lint",
      "e2e": "ng e2e"
    },
    "private": true,
    "dependencies": {
      "minireset.css": "~0.0.4",
      "@agm/core": "^1.0.0-beta.7",
      "@angular/animations": "^8.1.3",
      "@angular/cdk": "^8.1.4",
      "@angular/common": "~8.1.2",
      "@angular/compiler": "~8.1.2",
      "@angular/core": "~8.1.2",
      "@angular/forms": "~8.1.2",
      "@angular/material": "^8.1.4",
      "@angular/platform-browser": "~8.1.2",
      "@angular/platform-browser-dynamic": "~8.1.2",
      "@angular/router": "~8.1.2",
      "@fortawesome/fontawesome-free": "^5.10.1",
      "@types/chart.js": "^2.8.2",
      "@types/hammerjs": "^2.0.36",
      "angular-bootstrap-md": "8.1.1",
      "angular-scroll": "^1.0.2",
      "animate.css": "^3.7.2",
      "chart.js": "^2.5.0",
      "chartjs-plugin-datalabels": "^0.6.0",
      "font-awesome": "^4.7.0",
      "hammerjs": "^2.0.8",
      "igniteui-angular": "^8.1.6",
      "jszip": "^3.1.5",
      "ngx-scrollspy": "^1.2.1",
      "ngx-tabset": "^2.1.0",
      "rxjs": "~6.4.0",
      "tslib": "^1.9.0",
      "web-animations-js": "^2.3.2",
      "zone.js": "~0.9.1"
    },
    "devDependencies": {
      "@angular-devkit/build-angular": "~0.801.2",
      "@angular/cli": "~8.1.2",
      "@angular/compiler-cli": "~8.1.2",
      "@angular/language-service": "~8.1.2",
      "@types/jasmine": "~3.3.8",
      "@types/jasminewd2": "~2.0.3",
      "@types/node": "~8.9.4",
      "codelyzer": "^5.0.0",
      "igniteui-cli": "~4.2.0",
      "jasmine-core": "~3.4.0",
      "jasmine-spec-reporter": "~4.2.1",
      "karma": "~4.1.0",
      "karma-chrome-launcher": "~2.2.0",
      "karma-coverage-istanbul-reporter": "~2.0.1",
      "karma-jasmine": "~2.0.1",
      "karma-jasmine-html-reporter": "^1.4.0",
      "protractor": "~5.4.0",
      "ts-node": "~7.0.0",
      "tslint": "~5.15.0",
      "typescript": "~3.4.3"
    },
    "license": "MIT"
  }

yarn manifest: 
  No manifest

Lockfile: 
  No lockfile
